-------------------------------------------------------------------------------
Test set: Adogcatme.Proyecto.ProyectoApplicationTests
-------------------------------------------------------------------------------
Tests run: 1, Failures: 0, Errors: 1, Skipped: 0, Time elapsed: 5.192 s <<< FAILURE! - in Adogcatme.Proyecto.ProyectoApplicationTests
contextLoads  Time elapsed: 0.001 s  <<< ERROR!
java.lang.IllegalStateException: Failed to load ApplicationContext
Caused by: org.springframework.beans.factory.UnsatisfiedDependencyException: Error creating bean with name 'mascotaControlador': Unsatisfied dependency expressed through field 'ms'; nested exception is org.springframework.beans.factory.UnsatisfiedDependencyException: Error creating bean with name 'mascotaServicio': Unsatisfied dependency expressed through field 'mr'; nested exception is org.springframework.beans.factory.BeanCreationException: Error creating bean with name 'mascotaRepositorio' defined in Adogcatme.Proyecto.Repositorios.MascotaRepositorio defined in @EnableJpaRepositories declared on JpaRepositoriesRegistrar.EnableJpaRepositoriesConfiguration: Invocation of init method failed; nested exception is org.springframework.data.repository.query.QueryCreationException: Could not create query for public abstract java.util.List Adogcatme.Proyecto.Repositorios.MascotaRepositorio.findByDuenoId(java.lang.String)! Reason: Validation failed for query for method public abstract java.util.List Adogcatme.Proyecto.Repositorios.MascotaRepositorio.findByDuenoId(java.lang.String)!; nested exception is java.lang.IllegalArgumentException: Validation failed for query for method public abstract java.util.List Adogcatme.Proyecto.Repositorios.MascotaRepositorio.findByDuenoId(java.lang.String)!
Caused by: org.springframework.beans.factory.UnsatisfiedDependencyException: Error creating bean with name 'mascotaServicio': Unsatisfied dependency expressed through field 'mr'; nested exception is org.springframework.beans.factory.BeanCreationException: Error creating bean with name 'mascotaRepositorio' defined in Adogcatme.Proyecto.Repositorios.MascotaRepositorio defined in @EnableJpaRepositories declared on JpaRepositoriesRegistrar.EnableJpaRepositoriesConfiguration: Invocation of init method failed; nested exception is org.springframework.data.repository.query.QueryCreationException: Could not create query for public abstract java.util.List Adogcatme.Proyecto.Repositorios.MascotaRepositorio.findByDuenoId(java.lang.String)! Reason: Validation failed for query for method public abstract java.util.List Adogcatme.Proyecto.Repositorios.MascotaRepositorio.findByDuenoId(java.lang.String)!; nested exception is java.lang.IllegalArgumentException: Validation failed for query for method public abstract java.util.List Adogcatme.Proyecto.Repositorios.MascotaRepositorio.findByDuenoId(java.lang.String)!
Caused by: org.springframework.beans.factory.BeanCreationException: Error creating bean with name 'mascotaRepositorio' defined in Adogcatme.Proyecto.Repositorios.MascotaRepositorio defined in @EnableJpaRepositories declared on JpaRepositoriesRegistrar.EnableJpaRepositoriesConfiguration: Invocation of init method failed; nested exception is org.springframework.data.repository.query.QueryCreationException: Could not create query for public abstract java.util.List Adogcatme.Proyecto.Repositorios.MascotaRepositorio.findByDuenoId(java.lang.String)! Reason: Validation failed for query for method public abstract java.util.List Adogcatme.Proyecto.Repositorios.MascotaRepositorio.findByDuenoId(java.lang.String)!; nested exception is java.lang.IllegalArgumentException: Validation failed for query for method public abstract java.util.List Adogcatme.Proyecto.Repositorios.MascotaRepositorio.findByDuenoId(java.lang.String)!
Caused by: org.springframework.data.repository.query.QueryCreationException: Could not create query for public abstract java.util.List Adogcatme.Proyecto.Repositorios.MascotaRepositorio.findByDuenoId(java.lang.String)! Reason: Validation failed for query for method public abstract java.util.List Adogcatme.Proyecto.Repositorios.MascotaRepositorio.findByDuenoId(java.lang.String)!; nested exception is java.lang.IllegalArgumentException: Validation failed for query for method public abstract java.util.List Adogcatme.Proyecto.Repositorios.MascotaRepositorio.findByDuenoId(java.lang.String)!
Caused by: java.lang.IllegalArgumentException: Validation failed for query for method public abstract java.util.List Adogcatme.Proyecto.Repositorios.MascotaRepositorio.findByDuenoId(java.lang.String)!
Caused by: java.lang.IllegalArgumentException: org.hibernate.hql.internal.ast.QuerySyntaxException: expecting EOF, found ')' near line 1, column 82 [SELECT m FROM Adogcatme.Proyecto.entidades.Mascota m WHERE m.dueno_id = :dueno_id)]
Caused by: org.hibernate.hql.internal.ast.QuerySyntaxException: expecting EOF, found ')' near line 1, column 82 [SELECT m FROM Adogcatme.Proyecto.entidades.Mascota m WHERE m.dueno_id = :dueno_id)]

